<?xml version="1.0" encoding="utf-8" standalone="no"?>
<!--This file represents the results of running a test suite-->
<test-results name="C:\Automation projects\WindowsService\IntegrationTests\bin\Debug\IntegrationTests.dll" total="1" errors="1" failures="0" not-run="0" inconclusive="0" ignored="0" skipped="0" invalid="0" date="2014-11-12" time="11:59:13">
  <environment nunit-version="2.6.3.13283" clr-version="2.0.50727.5485" os-version="Microsoft Windows NT 6.1.7601 Service Pack 1" platform="Win32NT" cwd="C:\Program Files (x86)\NUnit 2.6.3\bin" machine-name="PRETORIA" user="s.vakathanam" user-domain="LIVEBOOKINGS" />
  <culture-info current-culture="en-GB" current-uiculture="en-US" />
  <test-suite type="Assembly" name="C:\Automation projects\WindowsService\IntegrationTests\bin\Debug\IntegrationTests.dll" executed="True" result="Failure" success="False" time="1.824" asserts="0">
    <results>
      <test-suite type="Namespace" name="IntegrationTests" executed="True" result="Failure" success="False" time="1.808" asserts="0">
        <results>
          <test-suite type="Namespace" name="FeatureFile" executed="True" result="Failure" success="False" time="1.808" asserts="0">
            <results>
              <test-suite type="TestFixture" name="OrderFeedFunctionatityFeature" description="OrderFeedFunctionatity" executed="True" result="Failure" success="False" time="1.805" asserts="0">
                <results>
                  <test-case name="IntegrationTests.FeatureFile.OrderFeedFunctionatityFeature.GenerationOfOrderFeedMessagesInMSMQueue" description="Generation of OrderFeedMessages in MSM queue" executed="True" result="Error" success="False" time="1.285" asserts="0">
                    <categories>
                      <category name="PurgeMessage" />
                      <category name="OrderFeed" />
                    </categories>
                    <failure>
                      <message><![CDATA[System.InvalidOperationException : Cannot open OrderFeedService service on computer 'PRETORIA'.
  ----> System.ComponentModel.Win32Exception : Access is denied
TearDown : System.Collections.Generic.KeyNotFoundException : The given key was not present in the dictionary.]]></message>
                      <stack-trace><![CDATA[at System.ServiceProcess.ServiceController.GetServiceHandle(Int32 desiredAccess)
at System.ServiceProcess.ServiceController.Stop()
at WindowsService.Helpers.HelperClass.StopService(String serviceName, String machineName, Int32 maxWaitTime) in c:\Automation projects\WindowsService\WindowsService\Helpers\HelperClass.cs:line 92
at IntegrationTests.StepDefinition.OrdersFeedStepDefinition.RunOutBoundService(String serviceName) in c:\Automation projects\WindowsService\IntegrationTests\StepDefinition\OrdersFeedStepDefinition.cs:line 137
at IntegrationTests.StepDefinition.OrdersFeedStepDefinition.WhenTheOrderFeedServiceIsRun(Table table) in c:\Automation projects\WindowsService\IntegrationTests\StepDefinition\OrdersFeedStepDefinition.cs:line 80
at TechTalk.SpecFlow.Bindings.BindingInvoker.InvokeBinding(IBinding binding, IContextManager contextManager, Object[] arguments, ITestTracer testTracer, TimeSpan& duration)
at TechTalk.SpecFlow.Infrastructure.TestExecutionEngine.ExecuteStepMatch(BindingMatch match, Object[] arguments)
at TechTalk.SpecFlow.Infrastructure.TestExecutionEngine.ExecuteStep(StepInstance stepInstance)
at TechTalk.SpecFlow.Infrastructure.TestExecutionEngine.OnAfterLastStep()
at IntegrationTests.FeatureFile.OrderFeedFunctionatityFeature.ScenarioCleanup() in c:\Automation projects\WindowsService\IntegrationTests\FeatureFile\OrdersFeed-Outbound service.feature.cs:line 0
at IntegrationTests.FeatureFile.OrderFeedFunctionatityFeature.GenerationOfOrderFeedMessagesInMSMQueue() in c:\Automation projects\WindowsService\IntegrationTests\FeatureFile\OrdersFeed-Outbound service.feature:line 75
--Win32Exception

--TearDown
at System.Collections.Generic.Dictionary`2.get_Item(TKey key)
at IntegrationTests.StepDefinition.BaseStepDefinitions.PurgeMessageAfterScenario() in c:\Automation projects\WindowsService\IntegrationTests\StepDefinition\BaseStepDefinitions.cs:line 25
at TechTalk.SpecFlow.Bindings.BindingInvoker.InvokeBinding(IBinding binding, IContextManager contextManager, Object[] arguments, ITestTracer testTracer, TimeSpan& duration)
at TechTalk.SpecFlow.Infrastructure.TestExecutionEngine.FireEvents(HookType bindingEvent)
at TechTalk.SpecFlow.Infrastructure.TestExecutionEngine.OnScenarioEnd()
at IntegrationTests.FeatureFile.OrderFeedFunctionatityFeature.ScenarioTearDown() in c:\Automation projects\WindowsService\IntegrationTests\FeatureFile\OrdersFeed-Outbound service.feature.cs:line 0
]]></stack-trace>
                    </failure>
                  </test-case>
                </results>
              </test-suite>
            </results>
          </test-suite>
        </results>
      </test-suite>
    </results>
  </test-suite>
</test-results>